2023-09-23 11:59:27,280 INFO  - Scheduler DefaultQuartzScheduler_$_NON_CLUSTERED started.
2023-09-23 11:59:27,296 DEBUG - Batch acquisition of 0 triggers
2023-09-23 11:59:27,347 INFO  - Default Quartz.NET properties loaded from embedded resource file
2023-09-23 11:59:27,349 INFO  - JobFactory set to: OpenImis.RestApi.Scheduler.CustomQuartzJobFactory
2023-09-23 11:59:27,373 FATAL - An error occurred starting the application
System.AggregateException: One or more errors occurred. (Unexpected end of expression.) ---> System.FormatException: Unexpected end of expression.
   at Quartz.CronExpression.BuildExpression(String expression)
   at Quartz.CronScheduleTriggerBuilderExtensions.WithCronSchedule(TriggerBuilder triggerBuilder, String cronExpression)
   at OpenImis.RestApi.Scheduler.CustomQuartzHostedService.CreateTrigger(JobMetaData jobMetaData) in /app/OpenImis.RestApi/Scheduler/CustomQuartzHostedService.cs:line 48
   at OpenImis.RestApi.Scheduler.CustomQuartzHostedService.StartAsync(CancellationToken cancellationToken) in /app/OpenImis.RestApi/Scheduler/CustomQuartzHostedService.cs:line 34
   at Microsoft.AspNetCore.Hosting.Internal.HostedServiceExecutor.ExecuteAsync(Func`2 callback)
   --- End of inner exception stack trace ---
   at Microsoft.AspNetCore.Hosting.Internal.HostedServiceExecutor.ExecuteAsync(Func`2 callback)
   at Microsoft.AspNetCore.Hosting.Internal.HostedServiceExecutor.StartAsync(CancellationToken token)
---> (Inner Exception #0) System.FormatException: Unexpected end of expression.
   at Quartz.CronExpression.BuildExpression(String expression)
   at Quartz.CronScheduleTriggerBuilderExtensions.WithCronSchedule(TriggerBuilder triggerBuilder, String cronExpression)
   at OpenImis.RestApi.Scheduler.CustomQuartzHostedService.CreateTrigger(JobMetaData jobMetaData) in /app/OpenImis.RestApi/Scheduler/CustomQuartzHostedService.cs:line 48
   at OpenImis.RestApi.Scheduler.CustomQuartzHostedService.StartAsync(CancellationToken cancellationToken) in /app/OpenImis.RestApi/Scheduler/CustomQuartzHostedService.cs:line 34
   at Microsoft.AspNetCore.Hosting.Internal.HostedServiceExecutor.ExecuteAsync(Func`2 callback)<---

2023-09-23 11:59:54,953 DEBUG - Batch acquisition of 0 triggers
2023-09-23 12:00:21,110 DEBUG - Batch acquisition of 0 triggers
2023-09-23 12:00:48,028 DEBUG - Batch acquisition of 0 triggers
2023-09-23 12:01:15,307 DEBUG - Batch acquisition of 0 triggers
2023-09-23 12:01:40,256 DEBUG - Batch acquisition of 0 triggers
2023-09-23 12:02:06,655 DEBUG - Batch acquisition of 0 triggers
2023-09-23 12:02:34,936 DEBUG - Batch acquisition of 0 triggers
2023-09-23 12:02:58,278 DEBUG - Batch acquisition of 0 triggers
2023-09-23 12:03:25,744 DEBUG - Batch acquisition of 0 triggers
2023-09-23 12:03:49,292 DEBUG - Batch acquisition of 0 triggers
2023-09-23 12:04:18,740 DEBUG - Batch acquisition of 0 triggers
2023-09-23 12:04:47,674 DEBUG - Batch acquisition of 0 triggers
2023-09-23 12:05:13,970 DEBUG - Batch acquisition of 0 triggers
2023-09-23 12:05:43,751 DEBUG - Batch acquisition of 0 triggers
2023-09-23 12:06:08,786 DEBUG - Batch acquisition of 0 triggers
2023-09-23 12:06:37,428 DEBUG - Batch acquisition of 0 triggers
2023-09-23 12:07:04,318 DEBUG - Batch acquisition of 0 triggers
2023-09-23 12:07:30,334 DEBUG - Batch acquisition of 0 triggers
2023-09-23 12:07:55,531 DEBUG - Batch acquisition of 0 triggers
2023-09-23 12:08:19,254 DEBUG - Batch acquisition of 0 triggers
2023-09-23 12:08:43,014 DEBUG - Batch acquisition of 0 triggers
2023-09-23 12:09:12,437 DEBUG - Batch acquisition of 0 triggers
2023-09-23 12:09:39,179 DEBUG - Batch acquisition of 0 triggers
2023-09-23 12:10:05,532 DEBUG - Batch acquisition of 0 triggers
2023-09-23 12:10:30,162 DEBUG - Batch acquisition of 0 triggers
2023-09-23 12:10:56,968 DEBUG - Batch acquisition of 0 triggers
2023-09-23 12:11:20,315 DEBUG - Batch acquisition of 0 triggers
2023-09-23 12:11:49,121 DEBUG - Batch acquisition of 0 triggers
2023-09-23 12:12:12,971 DEBUG - Batch acquisition of 0 triggers
2023-09-23 12:12:38,455 DEBUG - Batch acquisition of 0 triggers
2023-09-23 12:13:06,898 DEBUG - Batch acquisition of 0 triggers
2023-09-23 12:13:31,648 DEBUG - Batch acquisition of 0 triggers
2023-09-23 12:13:56,104 DEBUG - Batch acquisition of 0 triggers
2023-09-23 12:14:22,327 DEBUG - Batch acquisition of 0 triggers
2023-09-23 12:14:47,242 DEBUG - Batch acquisition of 0 triggers
2023-09-23 12:15:16,242 DEBUG - Batch acquisition of 0 triggers
2023-09-23 12:15:46,096 DEBUG - Batch acquisition of 0 triggers
2023-09-23 12:16:14,709 DEBUG - Batch acquisition of 0 triggers
2023-09-23 12:16:43,999 DEBUG - Batch acquisition of 0 triggers
2023-09-23 12:17:11,927 DEBUG - Batch acquisition of 0 triggers
2023-09-23 12:17:37,097 DEBUG - Batch acquisition of 0 triggers
2023-09-23 12:18:06,610 DEBUG - Batch acquisition of 0 triggers
2023-09-23 12:18:35,394 DEBUG - Batch acquisition of 0 triggers
2023-09-23 12:19:05,277 DEBUG - Batch acquisition of 0 triggers
2023-09-23 12:19:28,983 DEBUG - Batch acquisition of 0 triggers
2023-09-23 12:19:58,860 DEBUG - Batch acquisition of 0 triggers
2023-09-23 12:20:27,290 DEBUG - Batch acquisition of 0 triggers
2023-09-23 12:20:55,093 DEBUG - Batch acquisition of 0 triggers
2023-09-23 12:21:20,042 DEBUG - Batch acquisition of 0 triggers
2023-09-23 12:21:49,475 DEBUG - Batch acquisition of 0 triggers
2023-09-23 12:22:14,732 DEBUG - Batch acquisition of 0 triggers
2023-09-23 12:22:39,612 DEBUG - Batch acquisition of 0 triggers
2023-09-23 12:23:07,067 DEBUG - Batch acquisition of 0 triggers
2023-09-23 12:23:31,975 DEBUG - Batch acquisition of 0 triggers
2023-09-23 12:23:57,990 DEBUG - Batch acquisition of 0 triggers
2023-09-23 12:24:21,137 DEBUG - Batch acquisition of 0 triggers
2023-09-23 12:24:45,472 DEBUG - Batch acquisition of 0 triggers
2023-09-23 12:25:10,421 DEBUG - Batch acquisition of 0 triggers
2023-09-23 12:25:39,755 DEBUG - Batch acquisition of 0 triggers
2023-09-23 12:26:08,369 DEBUG - Batch acquisition of 0 triggers
2023-09-23 12:26:36,258 DEBUG - Batch acquisition of 0 triggers
2023-09-23 12:27:03,401 DEBUG - Batch acquisition of 0 triggers
2023-09-23 12:27:28,694 DEBUG - Batch acquisition of 0 triggers
2023-09-23 12:27:57,361 DEBUG - Batch acquisition of 0 triggers
2023-09-23 12:28:23,592 DEBUG - Batch acquisition of 0 triggers
2023-09-23 12:28:53,287 DEBUG - Batch acquisition of 0 triggers
2023-09-23 12:29:22,413 DEBUG - Batch acquisition of 0 triggers
2023-09-23 12:29:47,680 DEBUG - Batch acquisition of 0 triggers
2023-09-23 12:30:13,225 DEBUG - Batch acquisition of 0 triggers
2023-09-23 12:30:37,072 DEBUG - Batch acquisition of 0 triggers
2023-09-23 12:31:06,258 DEBUG - Batch acquisition of 0 triggers
2023-09-23 12:31:35,640 DEBUG - Batch acquisition of 0 triggers
2023-09-23 12:32:01,252 DEBUG - Batch acquisition of 0 triggers
2023-09-23 12:32:29,235 DEBUG - Batch acquisition of 0 triggers
2023-09-23 12:32:52,341 DEBUG - Batch acquisition of 0 triggers
2023-09-23 12:33:17,698 DEBUG - Batch acquisition of 0 triggers
2023-09-23 12:33:42,968 DEBUG - Batch acquisition of 0 triggers
2023-09-23 12:34:07,023 DEBUG - Batch acquisition of 0 triggers
2023-09-23 12:34:33,238 DEBUG - Batch acquisition of 0 triggers
2023-09-23 12:35:02,946 DEBUG - Batch acquisition of 0 triggers
2023-09-23 12:35:27,397 DEBUG - Batch acquisition of 0 triggers
2023-09-23 12:35:51,498 DEBUG - Batch acquisition of 0 triggers
2023-09-23 12:36:15,555 DEBUG - Batch acquisition of 0 triggers
2023-09-23 12:36:44,295 DEBUG - Batch acquisition of 0 triggers
2023-09-23 12:37:14,089 DEBUG - Batch acquisition of 0 triggers
2023-09-23 12:37:38,531 DEBUG - Batch acquisition of 0 triggers
2023-09-23 12:38:04,926 DEBUG - Batch acquisition of 0 triggers
2023-09-23 12:38:33,837 DEBUG - Batch acquisition of 0 triggers
2023-09-23 12:38:57,601 DEBUG - Batch acquisition of 0 triggers
2023-09-23 12:39:22,558 DEBUG - Batch acquisition of 0 triggers
2023-09-23 12:39:46,712 DEBUG - Batch acquisition of 0 triggers
2023-09-23 12:40:15,131 DEBUG - Batch acquisition of 0 triggers
2023-09-23 12:40:43,226 DEBUG - Batch acquisition of 0 triggers
2023-09-23 12:41:10,464 DEBUG - Batch acquisition of 0 triggers
2023-09-23 12:41:40,255 DEBUG - Batch acquisition of 0 triggers
2023-09-23 13:47:29,945 INFO  - Scheduler DefaultQuartzScheduler_$_NON_CLUSTERED started.
2023-09-23 13:47:29,966 DEBUG - Batch acquisition of 0 triggers
2023-09-23 13:47:30,205 INFO  - Default Quartz.NET properties loaded from embedded resource file
2023-09-23 13:47:30,206 INFO  - JobFactory set to: OpenImis.RestApi.Scheduler.CustomQuartzJobFactory
2023-09-23 13:47:30,549 FATAL - An error occurred starting the application
System.AggregateException: One or more errors occurred. (Unexpected end of expression.) ---> System.FormatException: Unexpected end of expression.
   at Quartz.CronExpression.BuildExpression(String expression)
   at Quartz.CronScheduleTriggerBuilderExtensions.WithCronSchedule(TriggerBuilder triggerBuilder, String cronExpression)
   at OpenImis.RestApi.Scheduler.CustomQuartzHostedService.CreateTrigger(JobMetaData jobMetaData) in /app/OpenImis.RestApi/Scheduler/CustomQuartzHostedService.cs:line 48
   at OpenImis.RestApi.Scheduler.CustomQuartzHostedService.StartAsync(CancellationToken cancellationToken) in /app/OpenImis.RestApi/Scheduler/CustomQuartzHostedService.cs:line 34
   at Microsoft.AspNetCore.Hosting.Internal.HostedServiceExecutor.ExecuteAsync(Func`2 callback)
   --- End of inner exception stack trace ---
   at Microsoft.AspNetCore.Hosting.Internal.HostedServiceExecutor.ExecuteAsync(Func`2 callback)
   at Microsoft.AspNetCore.Hosting.Internal.HostedServiceExecutor.StartAsync(CancellationToken token)
---> (Inner Exception #0) System.FormatException: Unexpected end of expression.
   at Quartz.CronExpression.BuildExpression(String expression)
   at Quartz.CronScheduleTriggerBuilderExtensions.WithCronSchedule(TriggerBuilder triggerBuilder, String cronExpression)
   at OpenImis.RestApi.Scheduler.CustomQuartzHostedService.CreateTrigger(JobMetaData jobMetaData) in /app/OpenImis.RestApi/Scheduler/CustomQuartzHostedService.cs:line 48
   at OpenImis.RestApi.Scheduler.CustomQuartzHostedService.StartAsync(CancellationToken cancellationToken) in /app/OpenImis.RestApi/Scheduler/CustomQuartzHostedService.cs:line 34
   at Microsoft.AspNetCore.Hosting.Internal.HostedServiceExecutor.ExecuteAsync(Func`2 callback)<---

2023-09-23 13:47:57,801 DEBUG - Batch acquisition of 0 triggers
2023-09-23 13:48:27,098 DEBUG - Batch acquisition of 0 triggers
2023-09-23 13:48:57,029 DEBUG - Batch acquisition of 0 triggers
2023-09-23 13:49:24,695 DEBUG - Batch acquisition of 0 triggers
2023-09-23 13:49:50,405 DEBUG - Batch acquisition of 0 triggers
2023-09-23 13:50:19,341 DEBUG - Batch acquisition of 0 triggers
2023-09-23 13:50:43,766 DEBUG - Batch acquisition of 0 triggers
2023-09-23 13:51:08,809 DEBUG - Batch acquisition of 0 triggers
2023-09-23 13:51:34,152 DEBUG - Batch acquisition of 0 triggers
2023-09-23 13:52:01,838 DEBUG - Batch acquisition of 0 triggers
2023-09-23 13:57:25,994 INFO  - Scheduler DefaultQuartzScheduler_$_NON_CLUSTERED started.
2023-09-23 13:57:26,020 DEBUG - Batch acquisition of 0 triggers
2023-09-23 13:57:26,021 INFO  - Default Quartz.NET properties loaded from embedded resource file
2023-09-23 13:57:26,024 INFO  - JobFactory set to: OpenImis.RestApi.Scheduler.CustomQuartzJobFactory
2023-09-23 13:57:26,065 FATAL - An error occurred starting the application
System.AggregateException: One or more errors occurred. (Unexpected end of expression.) ---> System.FormatException: Unexpected end of expression.
   at Quartz.CronExpression.BuildExpression(String expression)
   at Quartz.CronScheduleTriggerBuilderExtensions.WithCronSchedule(TriggerBuilder triggerBuilder, String cronExpression)
   at OpenImis.RestApi.Scheduler.CustomQuartzHostedService.CreateTrigger(JobMetaData jobMetaData) in /app/OpenImis.RestApi/Scheduler/CustomQuartzHostedService.cs:line 48
   at OpenImis.RestApi.Scheduler.CustomQuartzHostedService.StartAsync(CancellationToken cancellationToken) in /app/OpenImis.RestApi/Scheduler/CustomQuartzHostedService.cs:line 34
   at Microsoft.AspNetCore.Hosting.Internal.HostedServiceExecutor.ExecuteAsync(Func`2 callback)
   --- End of inner exception stack trace ---
   at Microsoft.AspNetCore.Hosting.Internal.HostedServiceExecutor.ExecuteAsync(Func`2 callback)
   at Microsoft.AspNetCore.Hosting.Internal.HostedServiceExecutor.StartAsync(CancellationToken token)
---> (Inner Exception #0) System.FormatException: Unexpected end of expression.
   at Quartz.CronExpression.BuildExpression(String expression)
   at Quartz.CronScheduleTriggerBuilderExtensions.WithCronSchedule(TriggerBuilder triggerBuilder, String cronExpression)
   at OpenImis.RestApi.Scheduler.CustomQuartzHostedService.CreateTrigger(JobMetaData jobMetaData) in /app/OpenImis.RestApi/Scheduler/CustomQuartzHostedService.cs:line 48
   at OpenImis.RestApi.Scheduler.CustomQuartzHostedService.StartAsync(CancellationToken cancellationToken) in /app/OpenImis.RestApi/Scheduler/CustomQuartzHostedService.cs:line 34
   at Microsoft.AspNetCore.Hosting.Internal.HostedServiceExecutor.ExecuteAsync(Func`2 callback)<---

2023-09-23 13:58:28,120 INFO  - Scheduler DefaultQuartzScheduler_$_NON_CLUSTERED started.
2023-09-23 13:58:28,141 DEBUG - Batch acquisition of 0 triggers
2023-09-23 13:58:28,142 INFO  - Default Quartz.NET properties loaded from embedded resource file
2023-09-23 13:58:28,144 INFO  - JobFactory set to: OpenImis.RestApi.Scheduler.CustomQuartzJobFactory
2023-09-23 13:58:28,174 FATAL - An error occurred starting the application
System.AggregateException: One or more errors occurred. (Unexpected end of expression.) ---> System.FormatException: Unexpected end of expression.
   at Quartz.CronExpression.BuildExpression(String expression)
   at Quartz.CronScheduleTriggerBuilderExtensions.WithCronSchedule(TriggerBuilder triggerBuilder, String cronExpression)
   at OpenImis.RestApi.Scheduler.CustomQuartzHostedService.CreateTrigger(JobMetaData jobMetaData) in /app/OpenImis.RestApi/Scheduler/CustomQuartzHostedService.cs:line 48
   at OpenImis.RestApi.Scheduler.CustomQuartzHostedService.StartAsync(CancellationToken cancellationToken) in /app/OpenImis.RestApi/Scheduler/CustomQuartzHostedService.cs:line 34
   at Microsoft.AspNetCore.Hosting.Internal.HostedServiceExecutor.ExecuteAsync(Func`2 callback)
   --- End of inner exception stack trace ---
   at Microsoft.AspNetCore.Hosting.Internal.HostedServiceExecutor.ExecuteAsync(Func`2 callback)
   at Microsoft.AspNetCore.Hosting.Internal.HostedServiceExecutor.StartAsync(CancellationToken token)
---> (Inner Exception #0) System.FormatException: Unexpected end of expression.
   at Quartz.CronExpression.BuildExpression(String expression)
   at Quartz.CronScheduleTriggerBuilderExtensions.WithCronSchedule(TriggerBuilder triggerBuilder, String cronExpression)
   at OpenImis.RestApi.Scheduler.CustomQuartzHostedService.CreateTrigger(JobMetaData jobMetaData) in /app/OpenImis.RestApi/Scheduler/CustomQuartzHostedService.cs:line 48
   at OpenImis.RestApi.Scheduler.CustomQuartzHostedService.StartAsync(CancellationToken cancellationToken) in /app/OpenImis.RestApi/Scheduler/CustomQuartzHostedService.cs:line 34
   at Microsoft.AspNetCore.Hosting.Internal.HostedServiceExecutor.ExecuteAsync(Func`2 callback)<---

2023-09-23 14:20:37,112 INFO  - Scheduler DefaultQuartzScheduler_$_NON_CLUSTERED started.
2023-09-23 14:20:37,128 DEBUG - Batch acquisition of 0 triggers
2023-09-23 14:20:37,178 INFO  - Default Quartz.NET properties loaded from embedded resource file
2023-09-23 14:20:37,180 INFO  - JobFactory set to: OpenImis.RestApi.Scheduler.CustomQuartzJobFactory
2023-09-23 14:20:37,223 FATAL - An error occurred starting the application
System.AggregateException: One or more errors occurred. (Unexpected end of expression.) ---> System.FormatException: Unexpected end of expression.
   at Quartz.CronExpression.BuildExpression(String expression)
   at Quartz.CronScheduleTriggerBuilderExtensions.WithCronSchedule(TriggerBuilder triggerBuilder, String cronExpression)
   at OpenImis.RestApi.Scheduler.CustomQuartzHostedService.CreateTrigger(JobMetaData jobMetaData) in /app/OpenImis.RestApi/Scheduler/CustomQuartzHostedService.cs:line 48
   at OpenImis.RestApi.Scheduler.CustomQuartzHostedService.StartAsync(CancellationToken cancellationToken) in /app/OpenImis.RestApi/Scheduler/CustomQuartzHostedService.cs:line 34
   at Microsoft.AspNetCore.Hosting.Internal.HostedServiceExecutor.ExecuteAsync(Func`2 callback)
   --- End of inner exception stack trace ---
   at Microsoft.AspNetCore.Hosting.Internal.HostedServiceExecutor.ExecuteAsync(Func`2 callback)
   at Microsoft.AspNetCore.Hosting.Internal.HostedServiceExecutor.StartAsync(CancellationToken token)
---> (Inner Exception #0) System.FormatException: Unexpected end of expression.
   at Quartz.CronExpression.BuildExpression(String expression)
   at Quartz.CronScheduleTriggerBuilderExtensions.WithCronSchedule(TriggerBuilder triggerBuilder, String cronExpression)
   at OpenImis.RestApi.Scheduler.CustomQuartzHostedService.CreateTrigger(JobMetaData jobMetaData) in /app/OpenImis.RestApi/Scheduler/CustomQuartzHostedService.cs:line 48
   at OpenImis.RestApi.Scheduler.CustomQuartzHostedService.StartAsync(CancellationToken cancellationToken) in /app/OpenImis.RestApi/Scheduler/CustomQuartzHostedService.cs:line 34
   at Microsoft.AspNetCore.Hosting.Internal.HostedServiceExecutor.ExecuteAsync(Func`2 callback)<---

2023-09-23 14:21:05,839 DEBUG - Batch acquisition of 0 triggers
2023-09-23 14:21:32,771 DEBUG - Batch acquisition of 0 triggers
2023-09-23 14:22:32,630 INFO  - Scheduler DefaultQuartzScheduler_$_NON_CLUSTERED started.
2023-09-23 14:22:32,646 DEBUG - Batch acquisition of 0 triggers
2023-09-23 14:22:32,648 INFO  - Default Quartz.NET properties loaded from embedded resource file
2023-09-23 14:22:32,650 INFO  - JobFactory set to: OpenImis.RestApi.Scheduler.CustomQuartzJobFactory
2023-09-23 14:22:32,673 FATAL - An error occurred starting the application
System.AggregateException: One or more errors occurred. (Unexpected end of expression.) ---> System.FormatException: Unexpected end of expression.
   at Quartz.CronExpression.BuildExpression(String expression)
   at Quartz.CronScheduleTriggerBuilderExtensions.WithCronSchedule(TriggerBuilder triggerBuilder, String cronExpression)
   at OpenImis.RestApi.Scheduler.CustomQuartzHostedService.CreateTrigger(JobMetaData jobMetaData) in /app/OpenImis.RestApi/Scheduler/CustomQuartzHostedService.cs:line 48
   at OpenImis.RestApi.Scheduler.CustomQuartzHostedService.StartAsync(CancellationToken cancellationToken) in /app/OpenImis.RestApi/Scheduler/CustomQuartzHostedService.cs:line 34
   at Microsoft.AspNetCore.Hosting.Internal.HostedServiceExecutor.ExecuteAsync(Func`2 callback)
   --- End of inner exception stack trace ---
   at Microsoft.AspNetCore.Hosting.Internal.HostedServiceExecutor.ExecuteAsync(Func`2 callback)
   at Microsoft.AspNetCore.Hosting.Internal.HostedServiceExecutor.StartAsync(CancellationToken token)
---> (Inner Exception #0) System.FormatException: Unexpected end of expression.
   at Quartz.CronExpression.BuildExpression(String expression)
   at Quartz.CronScheduleTriggerBuilderExtensions.WithCronSchedule(TriggerBuilder triggerBuilder, String cronExpression)
   at OpenImis.RestApi.Scheduler.CustomQuartzHostedService.CreateTrigger(JobMetaData jobMetaData) in /app/OpenImis.RestApi/Scheduler/CustomQuartzHostedService.cs:line 48
   at OpenImis.RestApi.Scheduler.CustomQuartzHostedService.StartAsync(CancellationToken cancellationToken) in /app/OpenImis.RestApi/Scheduler/CustomQuartzHostedService.cs:line 34
   at Microsoft.AspNetCore.Hosting.Internal.HostedServiceExecutor.ExecuteAsync(Func`2 callback)<---

2023-09-23 14:22:58,638 DEBUG - Batch acquisition of 0 triggers
2023-09-23 14:23:22,024 DEBUG - Batch acquisition of 0 triggers
2023-09-23 14:23:50,557 DEBUG - Batch acquisition of 0 triggers
2023-09-23 14:26:37,450 INFO  - Scheduler DefaultQuartzScheduler_$_NON_CLUSTERED started.
2023-09-23 14:26:37,466 DEBUG - Batch acquisition of 0 triggers
2023-09-23 14:26:37,469 INFO  - Default Quartz.NET properties loaded from embedded resource file
2023-09-23 14:26:37,470 INFO  - JobFactory set to: OpenImis.RestApi.Scheduler.CustomQuartzJobFactory
2023-09-23 14:26:37,502 FATAL - An error occurred starting the application
System.AggregateException: One or more errors occurred. (Unexpected end of expression.) ---> System.FormatException: Unexpected end of expression.
   at Quartz.CronExpression.BuildExpression(String expression)
   at Quartz.CronScheduleTriggerBuilderExtensions.WithCronSchedule(TriggerBuilder triggerBuilder, String cronExpression)
   at OpenImis.RestApi.Scheduler.CustomQuartzHostedService.CreateTrigger(JobMetaData jobMetaData) in /app/OpenImis.RestApi/Scheduler/CustomQuartzHostedService.cs:line 48
   at OpenImis.RestApi.Scheduler.CustomQuartzHostedService.StartAsync(CancellationToken cancellationToken) in /app/OpenImis.RestApi/Scheduler/CustomQuartzHostedService.cs:line 34
   at Microsoft.AspNetCore.Hosting.Internal.HostedServiceExecutor.ExecuteAsync(Func`2 callback)
   --- End of inner exception stack trace ---
   at Microsoft.AspNetCore.Hosting.Internal.HostedServiceExecutor.ExecuteAsync(Func`2 callback)
   at Microsoft.AspNetCore.Hosting.Internal.HostedServiceExecutor.StartAsync(CancellationToken token)
---> (Inner Exception #0) System.FormatException: Unexpected end of expression.
   at Quartz.CronExpression.BuildExpression(String expression)
   at Quartz.CronScheduleTriggerBuilderExtensions.WithCronSchedule(TriggerBuilder triggerBuilder, String cronExpression)
   at OpenImis.RestApi.Scheduler.CustomQuartzHostedService.CreateTrigger(JobMetaData jobMetaData) in /app/OpenImis.RestApi/Scheduler/CustomQuartzHostedService.cs:line 48
   at OpenImis.RestApi.Scheduler.CustomQuartzHostedService.StartAsync(CancellationToken cancellationToken) in /app/OpenImis.RestApi/Scheduler/CustomQuartzHostedService.cs:line 34
   at Microsoft.AspNetCore.Hosting.Internal.HostedServiceExecutor.ExecuteAsync(Func`2 callback)<---

2023-09-23 14:27:48,352 INFO  - Scheduler DefaultQuartzScheduler_$_NON_CLUSTERED started.
2023-09-23 14:27:48,369 DEBUG - Batch acquisition of 0 triggers
2023-09-23 14:27:48,373 INFO  - Default Quartz.NET properties loaded from embedded resource file
2023-09-23 14:27:48,374 INFO  - JobFactory set to: OpenImis.RestApi.Scheduler.CustomQuartzJobFactory
2023-09-23 14:27:48,398 FATAL - An error occurred starting the application
System.AggregateException: One or more errors occurred. (Unexpected end of expression.) ---> System.FormatException: Unexpected end of expression.
   at Quartz.CronExpression.BuildExpression(String expression)
   at Quartz.CronScheduleTriggerBuilderExtensions.WithCronSchedule(TriggerBuilder triggerBuilder, String cronExpression)
   at OpenImis.RestApi.Scheduler.CustomQuartzHostedService.CreateTrigger(JobMetaData jobMetaData) in /app/OpenImis.RestApi/Scheduler/CustomQuartzHostedService.cs:line 48
   at OpenImis.RestApi.Scheduler.CustomQuartzHostedService.StartAsync(CancellationToken cancellationToken) in /app/OpenImis.RestApi/Scheduler/CustomQuartzHostedService.cs:line 34
   at Microsoft.AspNetCore.Hosting.Internal.HostedServiceExecutor.ExecuteAsync(Func`2 callback)
   --- End of inner exception stack trace ---
   at Microsoft.AspNetCore.Hosting.Internal.HostedServiceExecutor.ExecuteAsync(Func`2 callback)
   at Microsoft.AspNetCore.Hosting.Internal.HostedServiceExecutor.StartAsync(CancellationToken token)
---> (Inner Exception #0) System.FormatException: Unexpected end of expression.
   at Quartz.CronExpression.BuildExpression(String expression)
   at Quartz.CronScheduleTriggerBuilderExtensions.WithCronSchedule(TriggerBuilder triggerBuilder, String cronExpression)
   at OpenImis.RestApi.Scheduler.CustomQuartzHostedService.CreateTrigger(JobMetaData jobMetaData) in /app/OpenImis.RestApi/Scheduler/CustomQuartzHostedService.cs:line 48
   at OpenImis.RestApi.Scheduler.CustomQuartzHostedService.StartAsync(CancellationToken cancellationToken) in /app/OpenImis.RestApi/Scheduler/CustomQuartzHostedService.cs:line 34
   at Microsoft.AspNetCore.Hosting.Internal.HostedServiceExecutor.ExecuteAsync(Func`2 callback)<---

2023-09-23 14:28:15,505 DEBUG - Batch acquisition of 0 triggers
2023-09-23 14:28:42,316 DEBUG - Batch acquisition of 0 triggers
2023-09-23 14:29:10,430 DEBUG - Batch acquisition of 0 triggers
2023-09-23 14:29:34,924 DEBUG - Batch acquisition of 0 triggers
2023-09-23 14:30:02,875 DEBUG - Batch acquisition of 0 triggers
2023-09-23 14:30:53,000 INFO  - Scheduler DefaultQuartzScheduler_$_NON_CLUSTERED started.
2023-09-23 14:30:53,016 DEBUG - Batch acquisition of 0 triggers
2023-09-23 14:30:53,019 INFO  - Default Quartz.NET properties loaded from embedded resource file
2023-09-23 14:30:53,020 INFO  - JobFactory set to: OpenImis.RestApi.Scheduler.CustomQuartzJobFactory
2023-09-23 14:30:53,044 FATAL - An error occurred starting the application
System.AggregateException: One or more errors occurred. (Unexpected end of expression.) ---> System.FormatException: Unexpected end of expression.
   at Quartz.CronExpression.BuildExpression(String expression)
   at Quartz.CronScheduleTriggerBuilderExtensions.WithCronSchedule(TriggerBuilder triggerBuilder, String cronExpression)
   at OpenImis.RestApi.Scheduler.CustomQuartzHostedService.CreateTrigger(JobMetaData jobMetaData) in /app/OpenImis.RestApi/Scheduler/CustomQuartzHostedService.cs:line 48
   at OpenImis.RestApi.Scheduler.CustomQuartzHostedService.StartAsync(CancellationToken cancellationToken) in /app/OpenImis.RestApi/Scheduler/CustomQuartzHostedService.cs:line 34
   at Microsoft.AspNetCore.Hosting.Internal.HostedServiceExecutor.ExecuteAsync(Func`2 callback)
   --- End of inner exception stack trace ---
   at Microsoft.AspNetCore.Hosting.Internal.HostedServiceExecutor.ExecuteAsync(Func`2 callback)
   at Microsoft.AspNetCore.Hosting.Internal.HostedServiceExecutor.StartAsync(CancellationToken token)
---> (Inner Exception #0) System.FormatException: Unexpected end of expression.
   at Quartz.CronExpression.BuildExpression(String expression)
   at Quartz.CronScheduleTriggerBuilderExtensions.WithCronSchedule(TriggerBuilder triggerBuilder, String cronExpression)
   at OpenImis.RestApi.Scheduler.CustomQuartzHostedService.CreateTrigger(JobMetaData jobMetaData) in /app/OpenImis.RestApi/Scheduler/CustomQuartzHostedService.cs:line 48
   at OpenImis.RestApi.Scheduler.CustomQuartzHostedService.StartAsync(CancellationToken cancellationToken) in /app/OpenImis.RestApi/Scheduler/CustomQuartzHostedService.cs:line 34
   at Microsoft.AspNetCore.Hosting.Internal.HostedServiceExecutor.ExecuteAsync(Func`2 callback)<---

2023-09-23 14:31:19,323 DEBUG - Batch acquisition of 0 triggers
2023-09-23 14:31:43,699 DEBUG - Batch acquisition of 0 triggers
2023-09-23 14:34:23,819 INFO  - Scheduler DefaultQuartzScheduler_$_NON_CLUSTERED started.
2023-09-23 14:34:23,836 DEBUG - Batch acquisition of 0 triggers
2023-09-23 14:34:23,837 INFO  - Default Quartz.NET properties loaded from embedded resource file
2023-09-23 14:34:23,838 INFO  - JobFactory set to: OpenImis.RestApi.Scheduler.CustomQuartzJobFactory
2023-09-23 14:34:23,934 FATAL - An error occurred starting the application
System.AggregateException: One or more errors occurred. (Unexpected end of expression.) ---> System.FormatException: Unexpected end of expression.
   at Quartz.CronExpression.BuildExpression(String expression)
   at Quartz.CronScheduleTriggerBuilderExtensions.WithCronSchedule(TriggerBuilder triggerBuilder, String cronExpression)
   at OpenImis.RestApi.Scheduler.CustomQuartzHostedService.CreateTrigger(JobMetaData jobMetaData) in /app/OpenImis.RestApi/Scheduler/CustomQuartzHostedService.cs:line 48
   at OpenImis.RestApi.Scheduler.CustomQuartzHostedService.StartAsync(CancellationToken cancellationToken) in /app/OpenImis.RestApi/Scheduler/CustomQuartzHostedService.cs:line 34
   at Microsoft.AspNetCore.Hosting.Internal.HostedServiceExecutor.ExecuteAsync(Func`2 callback)
   --- End of inner exception stack trace ---
   at Microsoft.AspNetCore.Hosting.Internal.HostedServiceExecutor.ExecuteAsync(Func`2 callback)
   at Microsoft.AspNetCore.Hosting.Internal.HostedServiceExecutor.StartAsync(CancellationToken token)
---> (Inner Exception #0) System.FormatException: Unexpected end of expression.
   at Quartz.CronExpression.BuildExpression(String expression)
   at Quartz.CronScheduleTriggerBuilderExtensions.WithCronSchedule(TriggerBuilder triggerBuilder, String cronExpression)
   at OpenImis.RestApi.Scheduler.CustomQuartzHostedService.CreateTrigger(JobMetaData jobMetaData) in /app/OpenImis.RestApi/Scheduler/CustomQuartzHostedService.cs:line 48
   at OpenImis.RestApi.Scheduler.CustomQuartzHostedService.StartAsync(CancellationToken cancellationToken) in /app/OpenImis.RestApi/Scheduler/CustomQuartzHostedService.cs:line 34
   at Microsoft.AspNetCore.Hosting.Internal.HostedServiceExecutor.ExecuteAsync(Func`2 callback)<---

2023-09-23 14:34:53,291 DEBUG - Batch acquisition of 0 triggers
2023-09-23 14:35:18,004 DEBUG - Batch acquisition of 0 triggers
2023-09-23 14:35:43,964 DEBUG - Batch acquisition of 0 triggers
2023-09-23 16:08:50,377 INFO  - Scheduler DefaultQuartzScheduler_$_NON_CLUSTERED started.
2023-09-23 16:08:50,398 DEBUG - Batch acquisition of 0 triggers
2023-09-23 16:08:50,421 INFO  - Default Quartz.NET properties loaded from embedded resource file
2023-09-23 16:08:50,422 INFO  - JobFactory set to: OpenImis.RestApi.Scheduler.CustomQuartzJobFactory
2023-09-23 16:08:50,590 FATAL - An error occurred starting the application
System.AggregateException: One or more errors occurred. (Unexpected end of expression.) ---> System.FormatException: Unexpected end of expression.
   at Quartz.CronExpression.BuildExpression(String expression)
   at Quartz.CronScheduleTriggerBuilderExtensions.WithCronSchedule(TriggerBuilder triggerBuilder, String cronExpression)
   at OpenImis.RestApi.Scheduler.CustomQuartzHostedService.CreateTrigger(JobMetaData jobMetaData) in /app/OpenImis.RestApi/Scheduler/CustomQuartzHostedService.cs:line 48
   at OpenImis.RestApi.Scheduler.CustomQuartzHostedService.StartAsync(CancellationToken cancellationToken) in /app/OpenImis.RestApi/Scheduler/CustomQuartzHostedService.cs:line 34
   at Microsoft.AspNetCore.Hosting.Internal.HostedServiceExecutor.ExecuteAsync(Func`2 callback)
   --- End of inner exception stack trace ---
   at Microsoft.AspNetCore.Hosting.Internal.HostedServiceExecutor.ExecuteAsync(Func`2 callback)
   at Microsoft.AspNetCore.Hosting.Internal.HostedServiceExecutor.StartAsync(CancellationToken token)
---> (Inner Exception #0) System.FormatException: Unexpected end of expression.
   at Quartz.CronExpression.BuildExpression(String expression)
   at Quartz.CronScheduleTriggerBuilderExtensions.WithCronSchedule(TriggerBuilder triggerBuilder, String cronExpression)
   at OpenImis.RestApi.Scheduler.CustomQuartzHostedService.CreateTrigger(JobMetaData jobMetaData) in /app/OpenImis.RestApi/Scheduler/CustomQuartzHostedService.cs:line 48
   at OpenImis.RestApi.Scheduler.CustomQuartzHostedService.StartAsync(CancellationToken cancellationToken) in /app/OpenImis.RestApi/Scheduler/CustomQuartzHostedService.cs:line 34
   at Microsoft.AspNetCore.Hosting.Internal.HostedServiceExecutor.ExecuteAsync(Func`2 callback)<---

2023-09-23 16:09:18,780 DEBUG - Batch acquisition of 0 triggers
2023-09-23 16:09:48,340 DEBUG - Batch acquisition of 0 triggers
2023-09-23 16:11:02,677 INFO  - Scheduler DefaultQuartzScheduler_$_NON_CLUSTERED started.
2023-09-23 16:11:02,700 INFO  - Default Quartz.NET properties loaded from embedded resource file
2023-09-23 16:11:02,701 DEBUG - Batch acquisition of 0 triggers
2023-09-23 16:11:02,701 INFO  - JobFactory set to: OpenImis.RestApi.Scheduler.CustomQuartzJobFactory
2023-09-23 16:11:02,739 FATAL - An error occurred starting the application
System.AggregateException: One or more errors occurred. (Unexpected end of expression.) ---> System.FormatException: Unexpected end of expression.
   at Quartz.CronExpression.BuildExpression(String expression)
   at Quartz.CronScheduleTriggerBuilderExtensions.WithCronSchedule(TriggerBuilder triggerBuilder, String cronExpression)
   at OpenImis.RestApi.Scheduler.CustomQuartzHostedService.CreateTrigger(JobMetaData jobMetaData) in /app/OpenImis.RestApi/Scheduler/CustomQuartzHostedService.cs:line 48
   at OpenImis.RestApi.Scheduler.CustomQuartzHostedService.StartAsync(CancellationToken cancellationToken) in /app/OpenImis.RestApi/Scheduler/CustomQuartzHostedService.cs:line 34
   at Microsoft.AspNetCore.Hosting.Internal.HostedServiceExecutor.ExecuteAsync(Func`2 callback)
   --- End of inner exception stack trace ---
   at Microsoft.AspNetCore.Hosting.Internal.HostedServiceExecutor.ExecuteAsync(Func`2 callback)
   at Microsoft.AspNetCore.Hosting.Internal.HostedServiceExecutor.StartAsync(CancellationToken token)
---> (Inner Exception #0) System.FormatException: Unexpected end of expression.
   at Quartz.CronExpression.BuildExpression(String expression)
   at Quartz.CronScheduleTriggerBuilderExtensions.WithCronSchedule(TriggerBuilder triggerBuilder, String cronExpression)
   at OpenImis.RestApi.Scheduler.CustomQuartzHostedService.CreateTrigger(JobMetaData jobMetaData) in /app/OpenImis.RestApi/Scheduler/CustomQuartzHostedService.cs:line 48
   at OpenImis.RestApi.Scheduler.CustomQuartzHostedService.StartAsync(CancellationToken cancellationToken) in /app/OpenImis.RestApi/Scheduler/CustomQuartzHostedService.cs:line 34
   at Microsoft.AspNetCore.Hosting.Internal.HostedServiceExecutor.ExecuteAsync(Func`2 callback)<---

2023-09-23 16:11:30,604 DEBUG - Batch acquisition of 0 triggers
2023-09-23 16:11:56,603 DEBUG - Batch acquisition of 0 triggers
2023-09-23 16:12:20,440 DEBUG - Batch acquisition of 0 triggers
2023-09-23 16:12:43,620 DEBUG - Batch acquisition of 0 triggers
2023-09-23 16:13:10,435 DEBUG - Batch acquisition of 0 triggers
2023-09-23 16:13:34,144 DEBUG - Batch acquisition of 0 triggers
2023-09-24 10:41:36,141 INFO  - Scheduler DefaultQuartzScheduler_$_NON_CLUSTERED started.
2023-09-24 10:41:36,156 DEBUG - Batch acquisition of 0 triggers
2023-09-24 10:41:36,351 INFO  - Default Quartz.NET properties loaded from embedded resource file
2023-09-24 10:41:36,352 INFO  - JobFactory set to: OpenImis.RestApi.Scheduler.CustomQuartzJobFactory
2023-09-24 10:41:36,411 FATAL - An error occurred starting the application
System.AggregateException: One or more errors occurred. (Unexpected end of expression.) ---> System.FormatException: Unexpected end of expression.
   at Quartz.CronExpression.BuildExpression(String expression)
   at Quartz.CronScheduleTriggerBuilderExtensions.WithCronSchedule(TriggerBuilder triggerBuilder, String cronExpression)
   at OpenImis.RestApi.Scheduler.CustomQuartzHostedService.CreateTrigger(JobMetaData jobMetaData) in /app/OpenImis.RestApi/Scheduler/CustomQuartzHostedService.cs:line 48
   at OpenImis.RestApi.Scheduler.CustomQuartzHostedService.StartAsync(CancellationToken cancellationToken) in /app/OpenImis.RestApi/Scheduler/CustomQuartzHostedService.cs:line 34
   at Microsoft.AspNetCore.Hosting.Internal.HostedServiceExecutor.ExecuteAsync(Func`2 callback)
   --- End of inner exception stack trace ---
   at Microsoft.AspNetCore.Hosting.Internal.HostedServiceExecutor.ExecuteAsync(Func`2 callback)
   at Microsoft.AspNetCore.Hosting.Internal.HostedServiceExecutor.StartAsync(CancellationToken token)
---> (Inner Exception #0) System.FormatException: Unexpected end of expression.
   at Quartz.CronExpression.BuildExpression(String expression)
   at Quartz.CronScheduleTriggerBuilderExtensions.WithCronSchedule(TriggerBuilder triggerBuilder, String cronExpression)
   at OpenImis.RestApi.Scheduler.CustomQuartzHostedService.CreateTrigger(JobMetaData jobMetaData) in /app/OpenImis.RestApi/Scheduler/CustomQuartzHostedService.cs:line 48
   at OpenImis.RestApi.Scheduler.CustomQuartzHostedService.StartAsync(CancellationToken cancellationToken) in /app/OpenImis.RestApi/Scheduler/CustomQuartzHostedService.cs:line 34
   at Microsoft.AspNetCore.Hosting.Internal.HostedServiceExecutor.ExecuteAsync(Func`2 callback)<---

2023-09-24 10:42:03,455 DEBUG - Batch acquisition of 0 triggers
2023-09-24 10:42:31,636 DEBUG - Batch acquisition of 0 triggers
2023-09-24 10:42:58,079 DEBUG - Batch acquisition of 0 triggers
2023-09-24 10:43:23,948 DEBUG - Batch acquisition of 0 triggers
2023-09-24 10:43:47,431 DEBUG - Batch acquisition of 0 triggers
2023-09-24 10:44:14,915 DEBUG - Batch acquisition of 0 triggers
2023-09-24 10:44:42,485 DEBUG - Batch acquisition of 0 triggers
2023-09-24 10:45:11,142 DEBUG - Batch acquisition of 0 triggers
2023-09-24 10:45:35,664 DEBUG - Batch acquisition of 0 triggers
2023-09-24 10:46:00,630 DEBUG - Batch acquisition of 0 triggers
2023-09-24 10:46:25,623 DEBUG - Batch acquisition of 0 triggers
2023-09-24 10:46:49,173 DEBUG - Batch acquisition of 0 triggers
2023-09-24 10:47:15,739 DEBUG - Batch acquisition of 0 triggers
2023-09-24 10:47:39,571 DEBUG - Batch acquisition of 0 triggers
2023-09-24 10:48:06,919 DEBUG - Batch acquisition of 0 triggers
2023-09-24 10:48:31,577 DEBUG - Batch acquisition of 0 triggers
2023-09-24 10:48:57,506 DEBUG - Batch acquisition of 0 triggers
2023-09-24 10:49:26,875 DEBUG - Batch acquisition of 0 triggers
2023-09-24 10:49:51,343 DEBUG - Batch acquisition of 0 triggers
2023-09-24 10:50:18,163 DEBUG - Batch acquisition of 0 triggers
2023-09-24 10:50:43,808 DEBUG - Batch acquisition of 0 triggers
2023-09-24 10:51:08,014 DEBUG - Batch acquisition of 0 triggers
2023-09-24 10:51:37,350 DEBUG - Batch acquisition of 0 triggers
2023-09-24 10:52:05,008 DEBUG - Batch acquisition of 0 triggers
2023-09-24 10:52:28,704 DEBUG - Batch acquisition of 0 triggers
2023-09-24 10:52:58,075 DEBUG - Batch acquisition of 0 triggers
2023-09-24 10:53:22,839 DEBUG - Batch acquisition of 0 triggers
2023-09-24 10:53:48,534 DEBUG - Batch acquisition of 0 triggers
2023-09-24 10:54:13,341 DEBUG - Batch acquisition of 0 triggers
2023-09-24 10:54:37,453 DEBUG - Batch acquisition of 0 triggers
2023-09-24 10:55:02,595 DEBUG - Batch acquisition of 0 triggers
2023-09-24 10:55:26,584 DEBUG - Batch acquisition of 0 triggers
2023-09-24 10:55:50,918 DEBUG - Batch acquisition of 0 triggers
2023-09-24 10:56:17,191 DEBUG - Batch acquisition of 0 triggers
2023-09-24 10:56:41,312 DEBUG - Batch acquisition of 0 triggers
2023-09-24 10:57:11,210 DEBUG - Batch acquisition of 0 triggers
2023-09-24 10:57:38,803 DEBUG - Batch acquisition of 0 triggers
2023-09-24 10:58:07,234 DEBUG - Batch acquisition of 0 triggers
2023-09-24 10:58:31,538 DEBUG - Batch acquisition of 0 triggers
2023-09-24 10:58:55,210 DEBUG - Batch acquisition of 0 triggers
2023-09-24 10:59:22,322 DEBUG - Batch acquisition of 0 triggers
2023-09-24 10:59:47,579 DEBUG - Batch acquisition of 0 triggers
2023-09-24 11:00:17,329 DEBUG - Batch acquisition of 0 triggers
2023-09-24 11:00:41,434 DEBUG - Batch acquisition of 0 triggers
2023-09-24 11:01:06,389 DEBUG - Batch acquisition of 0 triggers
2023-09-24 11:01:29,927 DEBUG - Batch acquisition of 0 triggers
2023-09-24 11:01:56,654 DEBUG - Batch acquisition of 0 triggers
2023-09-24 11:02:21,939 DEBUG - Batch acquisition of 0 triggers
2023-09-24 11:02:51,016 DEBUG - Batch acquisition of 0 triggers
2023-09-24 11:03:15,659 DEBUG - Batch acquisition of 0 triggers
2023-09-24 11:03:42,550 DEBUG - Batch acquisition of 0 triggers
2023-09-24 11:04:08,310 DEBUG - Batch acquisition of 0 triggers
2023-09-24 11:04:31,644 DEBUG - Batch acquisition of 0 triggers
2023-09-24 11:05:00,607 DEBUG - Batch acquisition of 0 triggers
2023-09-24 11:05:28,520 DEBUG - Batch acquisition of 0 triggers
2023-09-24 11:05:52,082 DEBUG - Batch acquisition of 0 triggers
2023-09-24 11:06:15,421 DEBUG - Batch acquisition of 0 triggers
2023-09-24 11:06:41,702 DEBUG - Batch acquisition of 0 triggers
2023-09-24 11:07:07,580 DEBUG - Batch acquisition of 0 triggers
2023-09-24 11:07:33,552 DEBUG - Batch acquisition of 0 triggers
2023-09-24 11:07:58,142 DEBUG - Batch acquisition of 0 triggers
2023-09-24 11:08:22,154 DEBUG - Batch acquisition of 0 triggers
2023-09-24 11:08:45,724 DEBUG - Batch acquisition of 0 triggers
2023-09-24 11:09:13,823 DEBUG - Batch acquisition of 0 triggers
2023-09-24 11:09:41,821 DEBUG - Batch acquisition of 0 triggers
2023-09-24 11:10:08,112 DEBUG - Batch acquisition of 0 triggers
2023-09-24 11:10:34,735 DEBUG - Batch acquisition of 0 triggers
2023-09-24 11:10:58,225 DEBUG - Batch acquisition of 0 triggers
2023-09-24 11:11:26,101 DEBUG - Batch acquisition of 0 triggers
2023-09-24 11:11:51,731 DEBUG - Batch acquisition of 0 triggers
2023-09-24 11:12:20,278 DEBUG - Batch acquisition of 0 triggers
2023-09-24 11:12:49,915 DEBUG - Batch acquisition of 0 triggers
2023-09-24 11:13:16,219 DEBUG - Batch acquisition of 0 triggers
2023-09-24 11:13:43,000 DEBUG - Batch acquisition of 0 triggers
2023-09-24 11:14:10,960 DEBUG - Batch acquisition of 0 triggers
2023-09-24 11:14:37,263 DEBUG - Batch acquisition of 0 triggers
2023-09-24 11:15:00,552 DEBUG - Batch acquisition of 0 triggers
2023-09-24 11:15:26,108 DEBUG - Batch acquisition of 0 triggers
2023-09-24 11:15:50,148 DEBUG - Batch acquisition of 0 triggers
2023-09-24 11:16:16,127 DEBUG - Batch acquisition of 0 triggers
2023-09-24 11:16:41,040 DEBUG - Batch acquisition of 0 triggers
2023-09-24 11:17:08,358 DEBUG - Batch acquisition of 0 triggers
2023-09-24 11:17:33,437 DEBUG - Batch acquisition of 0 triggers
2023-09-24 11:17:58,197 DEBUG - Batch acquisition of 0 triggers
2023-09-24 11:18:27,852 DEBUG - Batch acquisition of 0 triggers
2023-09-24 11:18:53,626 DEBUG - Batch acquisition of 0 triggers
2023-09-24 11:19:20,543 DEBUG - Batch acquisition of 0 triggers
2023-09-24 11:19:45,831 DEBUG - Batch acquisition of 0 triggers
2023-09-24 11:20:11,676 DEBUG - Batch acquisition of 0 triggers
2023-09-24 11:20:36,367 DEBUG - Batch acquisition of 0 triggers
2023-09-24 11:21:04,596 DEBUG - Batch acquisition of 0 triggers
2023-09-24 11:21:29,110 DEBUG - Batch acquisition of 0 triggers
2023-09-24 11:21:55,002 DEBUG - Batch acquisition of 0 triggers
2023-09-24 11:22:20,550 DEBUG - Batch acquisition of 0 triggers
2023-09-24 11:37:19,346 INFO  - Scheduler DefaultQuartzScheduler_$_NON_CLUSTERED started.
2023-09-24 11:37:19,364 DEBUG - Batch acquisition of 0 triggers
2023-09-24 11:37:19,366 INFO  - Default Quartz.NET properties loaded from embedded resource file
2023-09-24 11:37:19,367 INFO  - JobFactory set to: OpenImis.RestApi.Scheduler.CustomQuartzJobFactory
2023-09-24 11:37:19,424 FATAL - An error occurred starting the application
System.AggregateException: One or more errors occurred. (Unexpected end of expression.) ---> System.FormatException: Unexpected end of expression.
   at Quartz.CronExpression.BuildExpression(String expression)
   at Quartz.CronScheduleTriggerBuilderExtensions.WithCronSchedule(TriggerBuilder triggerBuilder, String cronExpression)
   at OpenImis.RestApi.Scheduler.CustomQuartzHostedService.CreateTrigger(JobMetaData jobMetaData) in /app/OpenImis.RestApi/Scheduler/CustomQuartzHostedService.cs:line 48
   at OpenImis.RestApi.Scheduler.CustomQuartzHostedService.StartAsync(CancellationToken cancellationToken) in /app/OpenImis.RestApi/Scheduler/CustomQuartzHostedService.cs:line 34
   at Microsoft.AspNetCore.Hosting.Internal.HostedServiceExecutor.ExecuteAsync(Func`2 callback)
   --- End of inner exception stack trace ---
   at Microsoft.AspNetCore.Hosting.Internal.HostedServiceExecutor.ExecuteAsync(Func`2 callback)
   at Microsoft.AspNetCore.Hosting.Internal.HostedServiceExecutor.StartAsync(CancellationToken token)
---> (Inner Exception #0) System.FormatException: Unexpected end of expression.
   at Quartz.CronExpression.BuildExpression(String expression)
   at Quartz.CronScheduleTriggerBuilderExtensions.WithCronSchedule(TriggerBuilder triggerBuilder, String cronExpression)
   at OpenImis.RestApi.Scheduler.CustomQuartzHostedService.CreateTrigger(JobMetaData jobMetaData) in /app/OpenImis.RestApi/Scheduler/CustomQuartzHostedService.cs:line 48
   at OpenImis.RestApi.Scheduler.CustomQuartzHostedService.StartAsync(CancellationToken cancellationToken) in /app/OpenImis.RestApi/Scheduler/CustomQuartzHostedService.cs:line 34
   at Microsoft.AspNetCore.Hosting.Internal.HostedServiceExecutor.ExecuteAsync(Func`2 callback)<---

2023-09-24 11:37:44,022 DEBUG - Batch acquisition of 0 triggers
2023-09-24 11:38:09,112 DEBUG - Batch acquisition of 0 triggers
2023-09-24 11:38:34,328 DEBUG - Batch acquisition of 0 triggers
2023-09-24 11:38:59,243 DEBUG - Batch acquisition of 0 triggers
2023-09-24 11:39:23,179 DEBUG - Batch acquisition of 0 triggers
2023-09-24 11:39:48,186 DEBUG - Batch acquisition of 0 triggers
